<?xml version="1.0" encoding="UTF-8"?>
<testng-results ignored="0" total="1" passed="1" failed="0" skipped="0">
  <reporter-output>
  </reporter-output>
  <suite started-at="2023-02-23T12:47:20 IST" name="Default suite" finished-at="2023-02-23T12:47:23 IST" duration-ms="3291">
    <groups>
    </groups>
    <test started-at="2023-02-23T12:47:20 IST" name="Default test" finished-at="2023-02-23T12:47:23 IST" duration-ms="3291">
      <class name="Main">
        <test-method signature="test1()[pri:0, instance:Main@6580cfdd]" started-at="2023-02-23T12:47:20 IST" name="test1" finished-at="2023-02-23T12:47:23 IST" duration-ms="3244" status="PASS">
          <reporter-output>
          </reporter-output>
        </test-method> <!-- test1 -->
      </class> <!-- Main -->
    </test> <!-- Default test -->
  </suite> <!-- Default suite -->
</testng-results>
